2025-09-02 00:38:48 | ERROR | Invalid JSON: Streaming data is fun.
2025-09-02 00:38:48 | ERROR | Invalid JSON: This is a buzz message.
2025-09-02 00:38:48 | ERROR | Invalid JSON: Have a great day!
2025-09-02 00:38:48 | ERROR | Invalid JSON: I love Python!
2025-09-02 00:38:48 | ERROR | Invalid JSON: Kafka is awesome.
2025-09-02 00:38:48 | ERROR | Invalid JSON: Streaming data is fun.
2025-09-02 00:38:48 | ERROR | Invalid JSON: This is a buzz message.
2025-09-02 00:38:48 | ERROR | Invalid JSON: Have a great day!
2025-09-02 00:38:48 | ERROR | Invalid JSON: I love Python!
2025-09-02 00:38:48 | ERROR | Invalid JSON: Kafka is awesome.
2025-09-02 00:38:48 | ERROR | Invalid JSON: Streaming data is fun.
2025-09-02 00:38:48 | ERROR | Invalid JSON: This is a buzz message.
2025-09-02 00:38:48 | ERROR | Invalid JSON: Have a great day!
2025-09-02 00:38:48 | ERROR | Invalid JSON: I love Python!
2025-09-02 00:38:48 | ERROR | Invalid JSON: Kafka is awesome.
2025-09-02 00:38:48 | ERROR | Invalid JSON: Streaming data is fun.
2025-09-02 00:38:48 | ERROR | Invalid JSON: This is a buzz message.
2025-09-02 00:38:48 | ERROR | Invalid JSON: Have a great day!
2025-09-02 00:38:48 | ERROR | Invalid JSON: I love Python!
2025-09-02 00:38:48 | ERROR | Invalid JSON: Kafka is awesome.
2025-09-02 00:38:48 | ERROR | Invalid JSON: Streaming data is fun.
2025-09-02 00:38:48 | ERROR | Invalid JSON: This is a buzz message.
2025-09-02 00:38:48 | ERROR | Invalid JSON: Have a great day!
2025-09-02 00:38:48 | ERROR | Invalid JSON: I love Python!
2025-09-02 00:38:48 | ERROR | Invalid JSON: Kafka is awesome.
2025-09-02 00:38:48 | ERROR | Invalid JSON: Streaming data is fun.
2025-09-02 00:38:48 | ERROR | Invalid JSON: This is a buzz message.
2025-09-02 00:38:48 | ERROR | Invalid JSON: Have a great day!
2025-09-02 00:38:48 | ERROR | Invalid JSON: I love Python!
2025-09-02 00:38:48 | ERROR | Invalid JSON: Kafka is awesome.
2025-09-02 00:38:48 | ERROR | Invalid JSON: Streaming data is fun.
2025-09-02 00:38:48 | ERROR | Invalid JSON: This is a buzz message.
2025-09-02 00:38:48 | ERROR | Invalid JSON: Have a great day!
2025-09-02 00:38:48 | ERROR | Invalid JSON: I love Python!
2025-09-02 00:38:48 | ERROR | Invalid JSON: Kafka is awesome.
2025-09-02 00:38:48 | ERROR | Invalid JSON: Streaming data is fun.
2025-09-02 00:38:48 | ERROR | Invalid JSON: This is a buzz message.
2025-09-02 00:38:48 | ERROR | Invalid JSON: Have a great day!
2025-09-02 00:38:48 | ERROR | Invalid JSON: I love Python!
2025-09-02 00:38:48 | ERROR | Invalid JSON: Kafka is awesome.
2025-09-02 00:38:48 | ERROR | Invalid JSON: Streaming data is fun.
2025-09-02 00:38:48 | ERROR | Invalid JSON: This is a buzz message.
2025-09-02 00:38:48 | ERROR | Invalid JSON: Have a great day!
2025-09-02 00:38:48 | ERROR | Invalid JSON: I love Python!
2025-09-02 00:38:48 | ERROR | Invalid JSON: Kafka is awesome.
2025-09-02 00:38:48 | ERROR | Invalid JSON: Streaming data is fun.
2025-09-02 00:38:48 | ERROR | Invalid JSON: This is a buzz message.
2025-09-02 00:38:48 | ERROR | Invalid JSON: Have a great day!
2025-09-02 00:38:48 | ERROR | Invalid JSON: I love Python!
2025-09-02 00:38:48 | ERROR | Invalid JSON: Kafka is awesome.
2025-09-02 00:38:48 | ERROR | Invalid JSON: Streaming data is fun.
2025-09-02 00:38:48 | ERROR | Invalid JSON: This is a buzz message.
2025-09-02 00:38:48 | ERROR | Invalid JSON: Have a great day!
2025-09-02 00:38:48 | ERROR | Invalid JSON: I love Python!
2025-09-02 00:38:48 | ERROR | Invalid JSON: Kafka is awesome.
2025-09-02 00:38:48 | ERROR | Invalid JSON: Streaming data is fun.
2025-09-02 00:38:48 | ERROR | Invalid JSON: This is a buzz message.
2025-09-02 00:38:48 | ERROR | Invalid JSON: Have a great day!
2025-09-02 00:38:48 | ERROR | Invalid JSON: I love Python!
2025-09-02 00:38:48 | ERROR | Invalid JSON: Kafka is awesome.
2025-09-02 00:38:48 | ERROR | Invalid JSON: Streaming data is fun.
2025-09-02 00:38:48 | ERROR | Invalid JSON: This is a buzz message.
2025-09-02 00:38:48 | ERROR | Invalid JSON: Have a great day!
2025-09-02 00:38:48 | ERROR | Invalid JSON: I love Python!
2025-09-02 00:38:48 | ERROR | Invalid JSON: Kafka is awesome.
2025-09-02 00:38:48 | ERROR | Invalid JSON: Streaming data is fun.
2025-09-02 00:38:48 | ERROR | Invalid JSON: This is a buzz message.
2025-09-02 00:38:48 | ERROR | Invalid JSON: Have a great day!
2025-09-02 00:38:48 | ERROR | Invalid JSON: I love Python!
2025-09-02 00:38:48 | ERROR | Invalid JSON: Kafka is awesome.
2025-09-02 00:38:48 | ERROR | Invalid JSON: Streaming data is fun.
2025-09-02 00:38:48 | ERROR | Invalid JSON: This is a buzz message.
2025-09-02 00:38:48 | ERROR | Invalid JSON: Have a great day!
2025-09-02 00:38:48 | ERROR | Invalid JSON: I love Python!
2025-09-02 00:38:48 | ERROR | Invalid JSON: Kafka is awesome.
2025-09-02 00:38:48 | ERROR | Invalid JSON: Streaming data is fun.
2025-09-02 00:38:48 | ERROR | Invalid JSON: This is a buzz message.
2025-09-02 00:38:48 | ERROR | Invalid JSON: Have a great day!
2025-09-02 00:38:48 | ERROR | Invalid JSON: I love Python!
2025-09-02 00:38:48 | ERROR | Invalid JSON: Kafka is awesome.
2025-09-02 00:38:48 | ERROR | Invalid JSON: Streaming data is fun.
2025-09-02 00:38:48 | ERROR | Invalid JSON: This is a buzz message.
2025-09-02 00:38:48 | ERROR | Invalid JSON: Have a great day!
2025-09-02 00:38:48 | ERROR | Invalid JSON: I love Python!
2025-09-02 00:38:48 | ERROR | Invalid JSON: Kafka is awesome.
2025-09-02 00:38:48 | ERROR | Invalid JSON: Streaming data is fun.
2025-09-02 00:38:48 | ERROR | Invalid JSON: This is a buzz message.
2025-09-02 00:38:48 | ERROR | Invalid JSON: Have a great day!
2025-09-02 00:38:48 | ERROR | Invalid JSON: I love Python!
2025-09-02 00:38:48 | ERROR | Invalid JSON: Kafka is awesome.
2025-09-02 00:38:48 | ERROR | Invalid JSON: Streaming data is fun.
2025-09-02 00:38:48 | ERROR | Invalid JSON: This is a buzz message.
2025-09-02 00:38:48 | ERROR | Invalid JSON: Have a great day!
2025-09-02 00:38:48 | ERROR | Invalid JSON: I love Python!
2025-09-02 00:38:48 | ERROR | Invalid JSON: Kafka is awesome.
2025-09-02 00:38:48 | ERROR | Invalid JSON: Streaming data is fun.
2025-09-02 00:38:48 | ERROR | Invalid JSON: This is a buzz message.
2025-09-02 00:38:48 | ERROR | Invalid JSON: Have a great day!
2025-09-02 00:38:48 | ERROR | Invalid JSON: I love Python!
2025-09-02 00:38:48 | ERROR | Invalid JSON: Kafka is awesome.
2025-09-02 00:38:48 | ERROR | Invalid JSON: Streaming data is fun.
2025-09-02 00:38:48 | ERROR | Invalid JSON: This is a buzz message.
2025-09-02 00:38:48 | ERROR | Invalid JSON: Have a great day!
2025-09-02 00:38:48 | ERROR | Invalid JSON: I love Python!
2025-09-02 00:38:48 | ERROR | Invalid JSON: Kafka is awesome.
2025-09-02 00:38:48 | ERROR | Invalid JSON: Streaming data is fun.
2025-09-02 00:38:48 | ERROR | Invalid JSON: This is a buzz message.
2025-09-02 00:38:48 | ERROR | Invalid JSON: Have a great day!
2025-09-02 00:38:48 | ERROR | Invalid JSON: I love Python!
2025-09-02 00:38:48 | ERROR | Invalid JSON: Kafka is awesome.
2025-09-02 00:38:48 | ERROR | Invalid JSON: Streaming data is fun.
2025-09-02 00:38:48 | ERROR | Invalid JSON: This is a buzz message.
2025-09-02 00:38:48 | ERROR | Invalid JSON: Have a great day!
2025-09-02 00:38:48 | ERROR | Invalid JSON: I love Python!
2025-09-02 00:38:48 | ERROR | Invalid JSON: Kafka is awesome.
2025-09-02 00:38:48 | ERROR | Invalid JSON: Streaming data is fun.
2025-09-02 00:38:48 | ERROR | Invalid JSON: This is a buzz message.
2025-09-02 00:38:48 | ERROR | Invalid JSON: Have a great day!
2025-09-02 00:38:48 | ERROR | Invalid JSON: I love Python!
2025-09-02 00:38:48 | ERROR | Invalid JSON: Kafka is awesome.
2025-09-02 00:38:48 | ERROR | Invalid JSON: Streaming data is fun.
2025-09-02 00:38:48 | ERROR | Invalid JSON: This is a buzz message.
2025-09-02 00:38:48 | ERROR | Invalid JSON: Have a great day!
2025-09-02 00:38:48 | ERROR | Invalid JSON: I love Python!
2025-09-02 00:38:48 | ERROR | Invalid JSON: Kafka is awesome.
2025-09-02 00:38:48 | ERROR | Invalid JSON: Streaming data is fun.
2025-09-02 00:38:48 | ERROR | Invalid JSON: This is a buzz message.
2025-09-02 00:38:48 | ERROR | Invalid JSON: Have a great day!
2025-09-02 00:38:48 | ERROR | Invalid JSON: I love Python!
2025-09-02 00:38:48 | ERROR | Invalid JSON: Kafka is awesome.
2025-09-02 00:38:48 | ERROR | Invalid JSON: Streaming data is fun.
2025-09-02 00:38:48 | ERROR | Invalid JSON: This is a buzz message.
2025-09-02 00:38:48 | ERROR | Invalid JSON: Have a great day!
2025-09-02 00:38:48 | ERROR | Invalid JSON: I love Python!
2025-09-02 00:38:48 | ERROR | Invalid JSON: Kafka is awesome.
2025-09-02 00:38:48 | ERROR | Invalid JSON: Streaming data is fun.
2025-09-02 00:38:48 | ERROR | Invalid JSON: This is a buzz message.
2025-09-02 00:38:48 | ERROR | Invalid JSON: Have a great day!
2025-09-02 00:38:48 | ERROR | Invalid JSON: I love Python!
2025-09-02 00:38:48 | ERROR | Invalid JSON: Kafka is awesome.
2025-09-02 00:38:48 | ERROR | Invalid JSON: Streaming data is fun.
2025-09-02 00:38:48 | ERROR | Invalid JSON: This is a buzz message.
2025-09-02 00:38:48 | ERROR | Invalid JSON: Have a great day!
2025-09-02 00:38:48 | ERROR | Invalid JSON: I love Python!
2025-09-02 00:38:48 | ERROR | Invalid JSON: Kafka is awesome.
2025-09-02 00:38:48 | ERROR | Invalid JSON: Streaming data is fun.
2025-09-02 00:38:48 | ERROR | Invalid JSON: This is a buzz message.
2025-09-02 00:38:48 | ERROR | Invalid JSON: Have a great day!
2025-09-02 00:38:48 | ERROR | Invalid JSON: I love Python!
2025-09-02 00:38:48 | ERROR | Invalid JSON: Kafka is awesome.
2025-09-02 00:38:48 | ERROR | Invalid JSON: Streaming data is fun.
2025-09-02 00:38:48 | ERROR | Invalid JSON: This is a buzz message.
2025-09-02 00:38:48 | ERROR | Invalid JSON: Have a great day!
2025-09-02 00:38:48 | ERROR | Invalid JSON: I love Python!
2025-09-02 00:38:48 | ERROR | Invalid JSON: Kafka is awesome.
2025-09-02 00:38:48 | ERROR | Invalid JSON: Streaming data is fun.
2025-09-02 00:38:48 | ERROR | Invalid JSON: This is a buzz message.
2025-09-02 00:38:48 | ERROR | Invalid JSON: Have a great day!
2025-09-02 00:38:48 | ERROR | Invalid JSON: I love Python!
2025-09-02 00:38:48 | ERROR | Invalid JSON: Kafka is awesome.
2025-09-02 00:38:48 | ERROR | Invalid JSON: Streaming data is fun.
2025-09-02 00:38:48 | ERROR | Invalid JSON: This is a buzz message.
2025-09-02 00:38:48 | ERROR | Invalid JSON: Have a great day!
2025-09-02 00:38:48 | ERROR | Invalid JSON: I love Python!
2025-09-02 00:38:48 | ERROR | Invalid JSON: Kafka is awesome.
2025-09-02 00:38:48 | ERROR | Invalid JSON: Streaming data is fun.
2025-09-02 00:38:48 | ERROR | Invalid JSON: This is a buzz message.
2025-09-02 00:38:48 | ERROR | Invalid JSON: Have a great day!
2025-09-02 00:38:48 | ERROR | Invalid JSON: I love Python!
2025-09-02 00:38:48 | ERROR | Invalid JSON: Kafka is awesome.
2025-09-02 00:38:48 | ERROR | Invalid JSON: Streaming data is fun.
2025-09-02 00:38:48 | ERROR | Invalid JSON: This is a buzz message.
2025-09-02 00:38:48 | ERROR | Invalid JSON: Have a great day!
2025-09-02 00:38:48 | ERROR | Invalid JSON: I love Python!
2025-09-02 00:38:48 | ERROR | Invalid JSON: Kafka is awesome.
2025-09-02 00:38:48 | ERROR | Invalid JSON: Streaming data is fun.
2025-09-02 00:38:48 | ERROR | Invalid JSON: This is a buzz message.
2025-09-02 00:38:48 | ERROR | Invalid JSON: Have a great day!
2025-09-02 00:38:48 | ERROR | Invalid JSON: I love Python!
2025-09-02 00:38:48 | ERROR | Invalid JSON: Kafka is awesome.
2025-09-02 00:38:48 | ERROR | Invalid JSON: Streaming data is fun.
2025-09-02 00:38:48 | ERROR | Invalid JSON: This is a buzz message.
2025-09-02 00:38:48 | ERROR | Invalid JSON: Have a great day!
2025-09-02 00:38:48 | ERROR | Invalid JSON: I love Python!
2025-09-02 00:38:48 | ERROR | Invalid JSON: Kafka is awesome.
2025-09-02 00:38:48 | ERROR | Invalid JSON: Streaming data is fun.
2025-09-02 00:38:48 | ERROR | Invalid JSON: This is a buzz message.
2025-09-02 00:38:48 | ERROR | Invalid JSON: Have a great day!
2025-09-02 00:38:48 | ERROR | Invalid JSON: I love Python!
2025-09-02 00:38:48 | ERROR | Invalid JSON: Kafka is awesome.
2025-09-02 00:38:48 | ERROR | Invalid JSON: Streaming data is fun.
2025-09-02 00:38:48 | ERROR | Invalid JSON: This is a buzz message.
2025-09-02 00:38:48 | ERROR | Invalid JSON: Have a great day!
2025-09-02 00:38:48 | ERROR | Invalid JSON: I love Python!
2025-09-02 00:38:48 | ERROR | Invalid JSON: Kafka is awesome.
2025-09-02 00:38:48 | ERROR | Invalid JSON: Streaming data is fun.
2025-09-02 00:38:48 | ERROR | Invalid JSON: This is a buzz message.
2025-09-02 00:38:48 | ERROR | Invalid JSON: Have a great day!
2025-09-02 00:38:48 | ERROR | Invalid JSON: I love Python!
2025-09-02 00:38:48 | ERROR | Invalid JSON: Kafka is awesome.
2025-09-02 00:38:48 | ERROR | Invalid JSON: Streaming data is fun.
2025-09-02 00:38:48 | ERROR | Invalid JSON: This is a buzz message.
2025-09-02 00:38:48 | ERROR | Invalid JSON: Have a great day!
2025-09-02 00:38:48 | ERROR | Invalid JSON: I love Python!
2025-09-02 00:38:48 | ERROR | Invalid JSON: Kafka is awesome.
2025-09-02 00:38:48 | ERROR | Invalid JSON: Streaming data is fun.
2025-09-02 00:38:48 | ERROR | Invalid JSON: This is a buzz message.
2025-09-02 00:38:48 | ERROR | Invalid JSON: Have a great day!
2025-09-02 00:38:48 | ERROR | Invalid JSON: I love Python!
2025-09-02 00:38:48 | ERROR | Invalid JSON: Kafka is awesome.
2025-09-02 00:38:48 | ERROR | Invalid JSON: Streaming data is fun.
2025-09-02 00:38:48 | ERROR | Invalid JSON: This is a buzz message.
2025-09-02 00:38:48 | ERROR | Invalid JSON: Have a great day!
2025-09-02 00:38:48 | ERROR | Invalid JSON: I love Python!
2025-09-02 00:38:48 | ERROR | Invalid JSON: Kafka is awesome.
2025-09-02 00:38:48 | ERROR | Invalid JSON: Streaming data is fun.
2025-09-02 00:38:48 | ERROR | Invalid JSON: This is a buzz message.
2025-09-02 00:38:48 | ERROR | Invalid JSON: Have a great day!
2025-09-02 00:38:48 | ERROR | Invalid JSON: I love Python!
2025-09-02 00:38:48 | ERROR | Invalid JSON: Kafka is awesome.
2025-09-02 00:38:48 | ERROR | Invalid JSON: Streaming data is fun.
2025-09-02 00:38:48 | ERROR | Invalid JSON: This is a buzz message.
2025-09-02 00:38:48 | ERROR | Invalid JSON: Have a great day!
2025-09-02 00:38:48 | ERROR | Invalid JSON: I love Python!
2025-09-02 00:38:48 | ERROR | Invalid JSON: Kafka is awesome.
2025-09-02 00:38:48 | ERROR | Invalid JSON: Streaming data is fun.
2025-09-02 00:38:48 | ERROR | Invalid JSON: This is a buzz message.
2025-09-02 00:38:48 | ERROR | Invalid JSON: Have a great day!
2025-09-02 00:38:48 | ERROR | Invalid JSON: I love Python!
2025-09-02 00:38:48 | ERROR | Invalid JSON: Kafka is awesome.
2025-09-02 00:38:48 | ERROR | Invalid JSON: Streaming data is fun.
2025-09-02 00:38:48 | ERROR | Invalid JSON: This is a buzz message.
2025-09-02 00:38:48 | ERROR | Invalid JSON: Have a great day!
2025-09-02 00:38:48 | ERROR | Invalid JSON: I love Python!
2025-09-02 00:38:48 | ERROR | Invalid JSON: Kafka is awesome.
2025-09-02 00:38:48 | ERROR | Invalid JSON: Streaming data is fun.
2025-09-02 00:38:48 | ERROR | Invalid JSON: This is a buzz message.
2025-09-02 00:38:48 | ERROR | Invalid JSON: Have a great day!
2025-09-02 00:38:48 | ERROR | Invalid JSON: I love Python!
2025-09-02 00:38:48 | ERROR | Invalid JSON: Kafka is awesome.
2025-09-02 00:38:48 | ERROR | Invalid JSON: Streaming data is fun.
2025-09-02 00:38:48 | ERROR | Invalid JSON: This is a buzz message.
2025-09-02 00:38:48 | ERROR | Invalid JSON: Have a great day!
2025-09-02 00:38:48 | ERROR | Invalid JSON: I love Python!
2025-09-02 00:38:48 | ERROR | Invalid JSON: Kafka is awesome.
2025-09-02 00:38:48 | ERROR | Invalid JSON: Streaming data is fun.
2025-09-02 00:38:48 | ERROR | Invalid JSON: This is a buzz message.
2025-09-02 00:38:48 | ERROR | Invalid JSON: Have a great day!
2025-09-02 00:38:48 | ERROR | Invalid JSON: I love Python!
2025-09-02 00:38:48 | ERROR | Invalid JSON: Kafka is awesome.
2025-09-02 00:38:48 | ERROR | Invalid JSON: Streaming data is fun.
2025-09-02 00:38:48 | ERROR | Invalid JSON: This is a buzz message.
2025-09-02 00:38:48 | ERROR | Invalid JSON: Have a great day!
2025-09-02 00:38:48 | ERROR | Invalid JSON: I love Python!
2025-09-02 00:38:48 | ERROR | Invalid JSON: Kafka is awesome.
2025-09-02 00:38:48 | ERROR | Invalid JSON: Streaming data is fun.
2025-09-02 00:38:48 | ERROR | Invalid JSON: This is a buzz message.
2025-09-02 00:38:48 | ERROR | Invalid JSON: Have a great day!
2025-09-02 00:38:48 | ERROR | Invalid JSON: I love Python!
2025-09-02 00:38:48 | ERROR | Invalid JSON: Kafka is awesome.
2025-09-02 00:38:48 | ERROR | Invalid JSON: Streaming data is fun.
2025-09-02 00:38:48 | ERROR | Invalid JSON: This is a buzz message.
2025-09-02 00:38:48 | ERROR | Invalid JSON: Have a great day!
2025-09-02 00:38:48 | ERROR | Invalid JSON: I love Python!
2025-09-02 00:38:48 | ERROR | Invalid JSON: Kafka is awesome.
2025-09-02 00:38:48 | ERROR | Invalid JSON: Streaming data is fun.
2025-09-02 00:38:48 | ERROR | Invalid JSON: This is a buzz message.
2025-09-02 00:38:48 | ERROR | Invalid JSON: Have a great day!
2025-09-02 00:38:48 | ERROR | Invalid JSON: I love Python!
2025-09-02 00:38:48 | ERROR | Invalid JSON: Kafka is awesome.
2025-09-02 00:38:48 | ERROR | Invalid JSON: Streaming data is fun.
2025-09-02 00:38:48 | ERROR | Invalid JSON: This is a buzz message.
2025-09-02 00:38:48 | ERROR | Invalid JSON: Have a great day!
2025-09-02 00:38:48 | ERROR | Invalid JSON: I love Python!
2025-09-02 00:38:48 | ERROR | Invalid JSON: Kafka is awesome.
2025-09-02 00:38:48 | ERROR | Invalid JSON: Streaming data is fun.
2025-09-02 00:38:48 | ERROR | Invalid JSON: This is a buzz message.
2025-09-02 00:38:48 | ERROR | Invalid JSON: Have a great day!
2025-09-02 00:38:48 | ERROR | Invalid JSON: I love Python!
2025-09-02 00:38:48 | INFO | Processing city=Tokyo, temp=None, condition=None
2025-09-02 00:38:48 | INFO | Processing city=Berlin, temp=None, condition=None
2025-09-02 00:38:48 | INFO | Processing city=London, temp=None, condition=None
2025-09-02 00:38:48 | INFO | Processing city=Tokyo, temp=None, condition=None
2025-09-02 00:38:48 | INFO | Processing city=Berlin, temp=None, condition=None
2025-09-02 00:38:48 | INFO | Processing city=Berlin, temp=None, condition=None
2025-09-02 00:38:48 | INFO | Processing city=London, temp=None, condition=None
2025-09-02 00:38:48 | INFO | Processing city=New York, temp=None, condition=None
2025-09-02 00:38:48 | INFO | Processing city=New York, temp=None, condition=None
2025-09-02 00:38:48 | INFO | Processing city=Berlin, temp=None, condition=None
2025-09-02 00:38:48 | INFO | Processing city=New York, temp=None, condition=None
2025-09-02 00:38:48 | INFO | Processing city=Tokyo, temp=None, condition=None
2025-09-02 00:38:48 | INFO | Processing city=Delhi, temp=None, condition=None
2025-09-02 00:38:48 | INFO | Processing city=New York, temp=None, condition=None
2025-09-02 00:38:48 | INFO | Processing city=Tokyo, temp=None, condition=None
2025-09-02 00:38:48 | INFO | Processing city=Berlin, temp=None, condition=None
2025-09-02 00:38:48 | INFO | Processing city=New York, temp=None, condition=None
2025-09-02 00:38:48 | INFO | Processing city=Tokyo, temp=None, condition=None
2025-09-02 00:38:48 | INFO | Processing city=London, temp=None, condition=None
2025-09-02 00:38:48 | INFO | Processing city=New York, temp=None, condition=None
2025-09-02 00:38:48 | INFO | Processing city=Delhi, temp=None, condition=None
2025-09-02 00:38:48 | INFO | Processing city=Berlin, temp=None, condition=None
2025-09-02 00:38:48 | INFO | Processing city=Berlin, temp=None, condition=None
2025-09-02 00:38:48 | INFO | Processing city=New York, temp=None, condition=None
2025-09-02 00:38:48 | INFO | Processing city=Delhi, temp=None, condition=None
2025-09-02 00:38:48 | INFO | Processing city=Delhi, temp=None, condition=None
2025-09-02 00:38:48 | INFO | Processing city=Berlin, temp=None, condition=None
2025-09-02 00:38:48 | INFO | Processing city=London, temp=None, condition=None
2025-09-02 00:38:48 | INFO | Processing city=Delhi, temp=None, condition=None
2025-09-02 00:38:48 | INFO | Processing city=London, temp=None, condition=None
2025-09-02 00:38:48 | INFO | Processing city=Berlin, temp=None, condition=None
2025-09-02 00:38:48 | INFO | Processing city=New York, temp=None, condition=None
2025-09-02 00:38:48 | INFO | Processing city=Delhi, temp=None, condition=None
2025-09-02 00:38:48 | INFO | Processing city=Delhi, temp=None, condition=None
2025-09-02 00:38:48 | INFO | Processing city=Delhi, temp=None, condition=None
2025-09-02 00:38:48 | INFO | Processing city=London, temp=None, condition=None
2025-09-02 00:38:48 | INFO | Processing city=London, temp=None, condition=None
2025-09-02 00:38:48 | INFO | Processing city=Berlin, temp=None, condition=None
2025-09-02 00:38:48 | INFO | Processing city=Delhi, temp=None, condition=None
2025-09-02 00:38:48 | INFO | Processing city=Tokyo, temp=None, condition=None
2025-09-02 00:38:48 | INFO | Processing city=Tokyo, temp=None, condition=None
2025-09-02 00:38:48 | INFO | Processing city=Tokyo, temp=None, condition=None
2025-09-02 00:38:48 | INFO | Processing city=London, temp=None, condition=None
2025-09-02 00:38:48 | INFO | Processing city=Delhi, temp=None, condition=None
2025-09-02 00:38:48 | INFO | Processing city=New York, temp=None, condition=None
2025-09-02 00:38:48 | INFO | Processing city=London, temp=None, condition=None
2025-09-02 00:38:48 | INFO | Processing city=Tokyo, temp=None, condition=None
2025-09-02 00:38:48 | INFO | Processing city=Delhi, temp=None, condition=None
2025-09-02 00:38:48 | INFO | Processing city=Delhi, temp=None, condition=None
2025-09-02 00:38:48 | INFO | Processing city=New York, temp=None, condition=None
2025-09-02 00:38:48 | INFO | Processing city=Tokyo, temp=None, condition=None
2025-09-02 00:38:48 | INFO | Processing city=New York, temp=None, condition=None
2025-09-02 00:38:48 | INFO | Processing city=Tokyo, temp=None, condition=None
2025-09-02 00:38:48 | INFO | Processing city=Tokyo, temp=None, condition=None
2025-09-02 00:38:48 | INFO | Processing city=Tokyo, temp=None, condition=None
2025-09-02 00:38:48 | INFO | Processing city=London, temp=None, condition=None
2025-09-02 00:38:48 | INFO | Processing city=Tokyo, temp=None, condition=None
2025-09-02 00:38:48 | INFO | Processing city=Berlin, temp=None, condition=None
2025-09-02 00:38:48 | INFO | Processing city=Berlin, temp=None, condition=None
2025-09-02 00:38:48 | INFO | Processing city=Berlin, temp=None, condition=None
2025-09-02 00:38:48 | INFO | Processing city=London, temp=None, condition=None
2025-09-02 00:38:48 | INFO | Processing city=Tokyo, temp=None, condition=None
2025-09-02 00:38:48 | INFO | Processing city=London, temp=None, condition=None
2025-09-02 00:38:48 | INFO | Processing city=Tokyo, temp=None, condition=None
2025-09-02 00:38:48 | INFO | Processing city=London, temp=None, condition=None
2025-09-02 00:38:48 | INFO | Processing city=New York, temp=None, condition=None
2025-09-02 00:38:48 | INFO | Processing city=New York, temp=None, condition=None
2025-09-02 00:38:48 | INFO | Processing city=Delhi, temp=None, condition=None
2025-09-02 00:38:48 | INFO | Processing city=Tokyo, temp=None, condition=None
2025-09-02 00:38:48 | INFO | Processing city=Tokyo, temp=None, condition=None
2025-09-02 00:38:48 | INFO | Processing city=New York, temp=None, condition=None
2025-09-02 00:38:48 | INFO | Processing city=Delhi, temp=None, condition=None
2025-09-02 00:38:48 | INFO | Processing city=New York, temp=None, condition=None
2025-09-02 00:38:48 | INFO | Processing city=London, temp=None, condition=None
2025-09-02 00:38:48 | INFO | Processing city=Delhi, temp=None, condition=None
2025-09-02 00:38:48 | INFO | Processing city=Berlin, temp=None, condition=None
2025-09-02 00:38:48 | INFO | Processing city=Delhi, temp=None, condition=None
2025-09-02 00:38:48 | INFO | Processing city=London, temp=None, condition=None
2025-09-02 00:38:48 | INFO | Processing city=London, temp=None, condition=None
2025-09-02 00:38:48 | INFO | Processing city=Berlin, temp=None, condition=None
2025-09-02 00:38:48 | INFO | Processing city=Berlin, temp=None, condition=None
2025-09-02 00:38:48 | INFO | Processing city=Delhi, temp=None, condition=None
2025-09-02 00:38:48 | INFO | Processing city=New York, temp=None, condition=None
2025-09-02 00:38:48 | INFO | Processing city=Tokyo, temp=None, condition=None
2025-09-02 00:38:48 | INFO | Processing city=Tokyo, temp=None, condition=None
2025-09-02 00:38:48 | INFO | Processing city=New York, temp=None, condition=None
2025-09-02 00:38:48 | INFO | Processing city=Tokyo, temp=None, condition=None
2025-09-02 00:38:48 | INFO | Processing city=Tokyo, temp=None, condition=None
2025-09-02 00:38:48 | INFO | Processing city=Berlin, temp=None, condition=None
2025-09-02 00:38:48 | INFO | Processing city=New York, temp=None, condition=None
2025-09-02 00:38:48 | INFO | Processing city=London, temp=None, condition=None
2025-09-02 00:38:48 | INFO | Processing city=New York, temp=None, condition=None
2025-09-02 00:38:48 | INFO | Processing city=London, temp=None, condition=None
2025-09-02 00:38:48 | INFO | Processing city=London, temp=None, condition=None
2025-09-02 00:38:48 | INFO | Processing city=Delhi, temp=None, condition=None
2025-09-02 00:38:48 | INFO | Processing city=London, temp=None, condition=None
2025-09-02 00:38:48 | INFO | Processing city=New York, temp=None, condition=None
2025-09-02 00:38:48 | INFO | Processing city=Delhi, temp=None, condition=None
2025-09-02 00:38:48 | INFO | Processing city=Delhi, temp=None, condition=None
2025-09-02 00:38:48 | INFO | Processing city=New York, temp=None, condition=None
2025-09-02 00:38:48 | INFO | Processing city=New York, temp=None, condition=None
2025-09-02 00:38:48 | INFO | Processing city=New York, temp=None, condition=None
2025-09-02 00:38:48 | INFO | Processing city=New York, temp=None, condition=None
2025-09-02 00:38:48 | INFO | Processing city=Delhi, temp=None, condition=None
2025-09-02 00:38:48 | INFO | Processing city=New York, temp=None, condition=None
2025-09-02 00:38:48 | INFO | Processing city=New York, temp=None, condition=None
2025-09-02 00:38:48 | INFO | Processing city=Delhi, temp=None, condition=None
2025-09-02 00:38:48 | INFO | Processing city=London, temp=None, condition=None
2025-09-02 00:38:48 | INFO | Processing city=Delhi, temp=None, condition=None
2025-09-02 00:38:48 | INFO | Processing city=Tokyo, temp=None, condition=None
2025-09-02 00:38:48 | INFO | Processing city=Delhi, temp=None, condition=None
2025-09-02 00:38:48 | INFO | Processing city=Tokyo, temp=None, condition=None
2025-09-02 00:38:48 | INFO | Processing city=London, temp=None, condition=None
2025-09-02 00:38:48 | INFO | Processing city=Tokyo, temp=None, condition=None
2025-09-02 00:38:48 | INFO | Processing city=London, temp=None, condition=None
2025-09-02 00:38:48 | INFO | Processing city=Tokyo, temp=None, condition=None
2025-09-02 00:38:48 | INFO | Processing city=Berlin, temp=None, condition=None
2025-09-02 00:38:48 | INFO | Processing city=New York, temp=None, condition=None
2025-09-02 00:38:48 | INFO | Processing city=Berlin, temp=None, condition=None
2025-09-02 00:38:48 | INFO | Processing city=Tokyo, temp=None, condition=None
2025-09-02 00:38:48 | INFO | Processing city=Berlin, temp=None, condition=None
2025-09-02 00:38:48 | INFO | Processing city=Tokyo, temp=None, condition=None
2025-09-02 00:38:48 | INFO | Processing city=Tokyo, temp=None, condition=None
2025-09-02 00:38:48 | INFO | Processing city=Tokyo, temp=None, condition=None
2025-09-02 00:38:48 | INFO | Processing city=Tokyo, temp=None, condition=None
2025-09-02 00:38:48 | INFO | Processing city=New York, temp=None, condition=None
2025-09-02 00:38:48 | INFO | Processing city=Berlin, temp=None, condition=None
2025-09-02 00:38:48 | INFO | Processing city=New York, temp=None, condition=None
2025-09-02 00:38:48 | INFO | Processing city=New York, temp=None, condition=None
2025-09-02 00:38:48 | INFO | Processing city=Delhi, temp=None, condition=None
2025-09-02 00:38:48 | INFO | Processing city=Delhi, temp=None, condition=None
2025-09-02 00:38:48 | INFO | Processing city=Berlin, temp=None, condition=None
2025-09-02 00:38:48 | INFO | Processing city=Delhi, temp=None, condition=None
2025-09-02 00:38:48 | INFO | Processing city=Tokyo, temp=None, condition=None
2025-09-02 00:38:48 | INFO | Processing city=New York, temp=None, condition=None
2025-09-02 00:38:48 | INFO | Processing city=New York, temp=None, condition=None
2025-09-02 00:38:48 | INFO | Processing city=Berlin, temp=None, condition=None
2025-09-02 00:38:48 | INFO | Processing city=Tokyo, temp=None, condition=None
2025-09-02 00:38:48 | INFO | Processing city=London, temp=None, condition=None
2025-09-02 00:38:48 | INFO | Processing city=London, temp=None, condition=None
2025-09-02 00:38:48 | INFO | Processing city=Delhi, temp=None, condition=None
2025-09-02 00:38:48 | INFO | Processing city=Tokyo, temp=None, condition=None
2025-09-02 00:38:48 | INFO | Processing city=London, temp=None, condition=None
2025-09-02 00:38:48 | INFO | Processing city=New York, temp=None, condition=None
2025-09-02 00:38:48 | INFO | Processing city=London, temp=None, condition=None
2025-09-02 00:38:48 | INFO | Processing city=New York, temp=None, condition=None
2025-09-02 00:38:48 | INFO | Processing city=Delhi, temp=None, condition=None
2025-09-02 00:38:48 | INFO | Processing city=Delhi, temp=None, condition=None
2025-09-02 00:38:48 | INFO | Processing city=Delhi, temp=None, condition=None
2025-09-02 00:38:48 | INFO | Processing city=New York, temp=None, condition=None
2025-09-02 00:38:48 | INFO | Processing city=London, temp=None, condition=None
2025-09-02 00:38:48 | INFO | Processing city=Tokyo, temp=None, condition=None
2025-09-02 00:38:48 | INFO | Processing city=Delhi, temp=None, condition=None
2025-09-02 00:38:48 | INFO | Processing city=Delhi, temp=None, condition=None
2025-09-02 00:38:48 | INFO | Processing city=Tokyo, temp=None, condition=None
2025-09-02 00:38:48 | INFO | Processing city=Berlin, temp=None, condition=None
2025-09-02 00:38:48 | INFO | Processing city=Berlin, temp=None, condition=None
2025-09-02 00:38:48 | INFO | Processing city=Tokyo, temp=None, condition=None
2025-09-02 00:38:48 | INFO | Processing city=Tokyo, temp=None, condition=None
2025-09-02 00:38:48 | INFO | Processing city=Tokyo, temp=None, condition=None
2025-09-02 00:38:48 | INFO | Processing city=Delhi, temp=None, condition=None
2025-09-02 00:38:48 | INFO | Processing city=Tokyo, temp=None, condition=None
2025-09-02 00:38:48 | INFO | Processing city=London, temp=None, condition=None
2025-09-02 00:38:48 | INFO | Processing city=London, temp=None, condition=None
2025-09-02 00:38:48 | INFO | Processing city=London, temp=None, condition=None
2025-09-02 00:38:48 | INFO | Processing city=Tokyo, temp=None, condition=None
2025-09-02 00:38:48 | INFO | Processing city=New York, temp=None, condition=None
2025-09-02 00:38:48 | INFO | Processing city=Berlin, temp=None, condition=None
2025-09-02 00:38:48 | INFO | Processing city=London, temp=None, condition=None
2025-09-02 00:38:48 | INFO | Processing city=New York, temp=None, condition=None
2025-09-02 00:38:48 | INFO | Processing city=Delhi, temp=None, condition=None
2025-09-02 00:38:48 | INFO | Processing city=London, temp=None, condition=None
2025-09-02 00:38:48 | INFO | Processing city=Tokyo, temp=None, condition=None
2025-09-02 00:38:48 | INFO | Processing city=Mumbai, temp=32, condition=Sunny
2025-09-02 00:38:48 | WARNING | High temperature alert! Mumbai: 32°C
2025-09-02 00:38:48 | INFO | Processing city=Delhi, temp=28, condition=Cloudy
2025-09-02 00:38:48 | INFO | Processing city=Bangalore, temp=24, condition=Rainy
2025-09-02 00:38:48 | INFO | Processing city=Kolkata, temp=30, condition=Hot
2025-09-02 00:38:48 | INFO | Processing city=Mumbai, temp=32, condition=Sunny
2025-09-02 00:38:48 | WARNING | High temperature alert! Mumbai: 32°C
2025-09-02 00:38:48 | INFO | Processing city=Delhi, temp=28, condition=Cloudy
2025-09-02 00:38:48 | INFO | Processing city=Bangalore, temp=24, condition=Rainy
2025-09-02 00:38:48 | INFO | Processing city=Kolkata, temp=30, condition=Hot
2025-09-02 00:38:48 | INFO | Processing city=Mumbai, temp=32, condition=Sunny
2025-09-02 00:38:48 | WARNING | High temperature alert! Mumbai: 32°C
2025-09-02 00:38:48 | INFO | Processing city=Delhi, temp=28, condition=Cloudy
2025-09-02 00:38:48 | INFO | Processing city=Bangalore, temp=24, condition=Rainy
2025-09-02 00:38:48 | INFO | Processing city=Kolkata, temp=30, condition=Hot
2025-09-02 00:38:48 | INFO | Processing city=Mumbai, temp=32, condition=Sunny
2025-09-02 00:38:48 | WARNING | High temperature alert! Mumbai: 32°C
2025-09-02 00:38:48 | INFO | Processing city=Delhi, temp=28, condition=Cloudy
2025-09-02 00:38:50 | INFO | Sent message: {'city': 'Bangalore', 'temp': 24, 'condition': 'Rainy'}
2025-09-02 00:38:50 | INFO | Processing city=Bangalore, temp=24, condition=Rainy
2025-09-02 00:38:52 | INFO | Sent message: {'city': 'Kolkata', 'temp': 30, 'condition': 'Hot'}
2025-09-02 00:38:52 | INFO | Processing city=Kolkata, temp=30, condition=Hot
2025-09-02 00:38:54 | INFO | Sent message: {'city': 'Mumbai', 'temp': 32, 'condition': 'Sunny'}
2025-09-02 00:38:54 | INFO | Processing city=Mumbai, temp=32, condition=Sunny
2025-09-02 00:38:54 | WARNING | High temperature alert! Mumbai: 32°C
2025-09-02 00:38:56 | INFO | Sent message: {'city': 'Delhi', 'temp': 28, 'condition': 'Cloudy'}
2025-09-02 00:38:56 | INFO | Processing city=Delhi, temp=28, condition=Cloudy
2025-09-02 00:38:58 | INFO | Sent message: {'city': 'Bangalore', 'temp': 24, 'condition': 'Rainy'}
2025-09-02 00:38:58 | INFO | Processing city=Bangalore, temp=24, condition=Rainy
2025-09-02 00:39:00 | INFO | Sent message: {'city': 'Kolkata', 'temp': 30, 'condition': 'Hot'}
2025-09-02 00:39:00 | INFO | Processing city=Kolkata, temp=30, condition=Hot
2025-09-02 00:39:02 | INFO | Sent message: {'city': 'Mumbai', 'temp': 32, 'condition': 'Sunny'}
2025-09-02 00:39:02 | INFO | Processing city=Mumbai, temp=32, condition=Sunny
2025-09-02 00:39:02 | WARNING | High temperature alert! Mumbai: 32°C
2025-09-02 00:39:04 | INFO | Sent message: {'city': 'Delhi', 'temp': 28, 'condition': 'Cloudy'}
2025-09-02 00:39:04 | INFO | Processing city=Delhi, temp=28, condition=Cloudy
2025-09-02 00:39:06 | INFO | Sent message: {'city': 'Bangalore', 'temp': 24, 'condition': 'Rainy'}
2025-09-02 00:39:06 | INFO | Processing city=Bangalore, temp=24, condition=Rainy
2025-09-02 00:39:08 | INFO | Sent message: {'city': 'Kolkata', 'temp': 30, 'condition': 'Hot'}
2025-09-02 00:39:08 | INFO | Processing city=Kolkata, temp=30, condition=Hot
2025-09-02 00:39:10 | INFO | Sent message: {'city': 'Mumbai', 'temp': 32, 'condition': 'Sunny'}
2025-09-02 00:39:10 | INFO | Processing city=Mumbai, temp=32, condition=Sunny
2025-09-02 00:39:10 | WARNING | High temperature alert! Mumbai: 32°C
2025-09-02 00:39:12 | INFO | Sent message: {'city': 'Delhi', 'temp': 28, 'condition': 'Cloudy'}
2025-09-02 00:39:12 | INFO | Processing city=Delhi, temp=28, condition=Cloudy
2025-09-02 00:39:14 | INFO | Sent message: {'city': 'Bangalore', 'temp': 24, 'condition': 'Rainy'}
2025-09-02 00:39:14 | INFO | Processing city=Bangalore, temp=24, condition=Rainy
2025-09-02 00:39:16 | INFO | Sent message: {'city': 'Kolkata', 'temp': 30, 'condition': 'Hot'}
2025-09-02 00:39:16 | INFO | Processing city=Kolkata, temp=30, condition=Hot
2025-09-02 00:39:18 | INFO | Sent message: {'city': 'Mumbai', 'temp': 32, 'condition': 'Sunny'}
2025-09-02 00:39:18 | INFO | Processing city=Mumbai, temp=32, condition=Sunny
2025-09-02 00:39:18 | WARNING | High temperature alert! Mumbai: 32°C
2025-09-02 00:39:20 | INFO | Sent message: {'city': 'Delhi', 'temp': 28, 'condition': 'Cloudy'}
2025-09-02 00:39:20 | INFO | Processing city=Delhi, temp=28, condition=Cloudy
2025-09-02 00:39:22 | INFO | Sent message: {'city': 'Bangalore', 'temp': 24, 'condition': 'Rainy'}
2025-09-02 00:39:22 | INFO | Processing city=Bangalore, temp=24, condition=Rainy
2025-09-02 00:39:24 | INFO | Sent message: {'city': 'Kolkata', 'temp': 30, 'condition': 'Hot'}
2025-09-02 00:39:24 | INFO | Processing city=Kolkata, temp=30, condition=Hot
2025-09-02 00:39:26 | INFO | Sent message: {'city': 'Mumbai', 'temp': 32, 'condition': 'Sunny'}
2025-09-02 00:39:26 | INFO | Processing city=Mumbai, temp=32, condition=Sunny
2025-09-02 00:39:26 | WARNING | High temperature alert! Mumbai: 32°C
2025-09-02 00:39:28 | INFO | Sent message: {'city': 'Delhi', 'temp': 28, 'condition': 'Cloudy'}
2025-09-02 00:39:28 | INFO | Processing city=Delhi, temp=28, condition=Cloudy
2025-09-02 00:39:30 | INFO | Sent message: {'city': 'Bangalore', 'temp': 24, 'condition': 'Rainy'}
2025-09-02 00:39:30 | INFO | Processing city=Bangalore, temp=24, condition=Rainy
2025-09-02 00:39:30 | WARNING | Producer interrupted by user.
2025-09-02 00:39:30 | INFO | Kafka producer for topic 'buzzline' closed.
2025-09-02 00:39:30 | INFO | END climate producer.
2025-09-02 00:39:51 | WARNING | Consumer interrupted by user.
2025-09-02 00:39:51 | INFO | Kafka consumer for topic 'buzzline' closed.
2025-09-02 00:39:51 | INFO | END climate consumer for topic 'buzzline' and group 'climate_group'.
